#
# A fatal error has been detected by the Java Runtime Environment:
#
#  EXCEPTION_ACCESS_VIOLATION (0xc0000005) at pc=0x000007fedb8034a0, pid=7188, tid=9248
#
# JRE version: OpenJDK Runtime Environment (15.0.1+9) (build 15.0.1+9-18)
# Java VM: OpenJDK 64-Bit Server VM (15.0.1+9-18, mixed mode, tiered, compressed oops, g1 gc, windows-amd64)
# Problematic frame:
# V  [jvm.dll+0x3334a0]
#
# No core dump will be written. Minidumps are not enabled by default on client versions of Windows
#
# If you would like to submit a bug report, please visit:
#   https://bugreport.java.com/bugreport/crash.jsp
#

---------------  S U M M A R Y ------------

Command Line: -XX:+ShowCodeDetailsInExceptionMessages -agentlib:jdwp=transport=dt_socket,suspend=y,address=localhost:51531 -javaagent:D:\eclipse-20-12\configuration\org.eclipse.osgi\220\0\.cp\lib\javaagent-shaded.jar -Dfile.encoding=UTF-8 payroll.PayrollApplication

Host: Intel(R) Core(TM) i7-3610QM CPU @ 2.30GHz, 8 cores, 7G,  Windows 7 , 64 bit Build 7601 (6.1.7601.18409)
Time: Wed Dec 30 17:26:39 2020 Aaiaeaaao (ceia) elapsed time: 2.864410 seconds (0d 0h 0m 2s)

---------------  T H R E A D  ---------------

Current thread (0x000000005e53ec50):  JavaThread "C2 CompilerThread0" daemon [_thread_in_native, id=9248, stack(0x000000005ede0000,0x000000005eee0000)]


Current CompileTask:
C2:   2891 1994       4       org.eclipse.jdt.launching.internal.org.objectweb.asm.ClassReader::accept (1383 bytes)

Stack: [0x000000005ede0000,0x000000005eee0000],  sp=0x000000005eedba30,  free space=1006k
Native frames: (J=compiled Java code, j=interpreted, Vv=VM code, C=native code)
V  [jvm.dll+0x3334a0]
V  [jvm.dll+0x32c954]
V  [jvm.dll+0x18e31e]
V  [jvm.dll+0x1ea762]
V  [jvm.dll+0x1e98ae]
V  [jvm.dll+0x1784c7]
V  [jvm.dll+0x1f9165]
V  [jvm.dll+0x1f720c]
V  [jvm.dll+0x74485d]
V  [jvm.dll+0x73d65a]
V  [jvm.dll+0x629c56]
C  [ucrtbase.DLL+0x1d912]
C  [kernel32.dll+0x159ed]
C  [ntdll.dll+0x2c541]


siginfo: EXCEPTION_ACCESS_VIOLATION (0xc0000005), reading address 0x000007fcdbf53a60


Register to memory mapping:

RIP=0x000007fedb8034a0 jvm.dll
RAX=0x0 is NULL
RBX=0x000000005eedba80 is pointing into the stack for thread: 0x000000005e53ec50
RCX=0x0 is NULL
RDX=0x0000000000000008 is an unknown value
RSP=0x000000005eedba30 is pointing into the stack for thread: 0x000000005e53ec50
RBP=0x000000005eedbb90 is pointing into the stack for thread: 0x000000005e53ec50
RSI=0x000007fedbf53a60 jvm.dll
RDI=0x0000000000000012 is an unknown value
R8 =0x000007fcdbf53a60 is an unknown value
R9 =0x0000000067ff6f80 points into unknown readable memory: 0x0000000000000000 | 00 00 00 00 00 00 00 00
R10=0x0000000000000008 is an unknown value
R11=0x0000000067a9ff00 points into unknown readable memory: 0x0000000000000000 | 00 00 00 00 00 00 00 00
R12=0x0 is NULL
R13=0x0000000062b4a8b0 points into unknown readable memory: 0x000007fedbd36508 | 08 65 d3 db fe 07 00 00
R14=0x000000000000000c is an unknown value
R15=0x000007fedbf53a60 jvm.dll


Registers:
RAX=0x0000000000000000, RBX=0x000000005eedba80, RCX=0x0000000000000000, RDX=0x0000000000000008
RSP=0x000000005eedba30, RBP=0x000000005eedbb90, RSI=0x000007fedbf53a60, RDI=0x0000000000000012
R8 =0x000007fcdbf53a60, R9 =0x0000000067ff6f80, R10=0x0000000000000008, R11=0x0000000067a9ff00
R12=0x0000000000000000, R13=0x0000000062b4a8b0, R14=0x000000000000000c, R15=0x000007fedbf53a60
RIP=0x000007fedb8034a0, EFLAGS=0x0000000000010246

Top of Stack: (sp=0x000000005eedba30)
0x000000005eedba30:   00000000679786e0 0000000067d76000
0x000000005eedba40:   00000000002de6c8 000007fedbd63820
0x000000005eedba50:   00000000686209f0 000007fedb7fc954
0x000000005eedba60:   000000000000286c 000000000000286c
0x000000005eedba70:   000000005e4fbf00 0000000000000000
0x000000005eedba80:   000001a900000000 0000000200000006
0x000000005eedba90:   0000000000000029 000007fcdbf53a60
0x000000005eedbaa0:   000000006361b548 00000000687a43d0
0x000000005eedbab0:   00000000000003d8 0000000061d55158
0x000000005eedbac0:   000000005eedbbd0 000007fedb65e31e
0x000000005eedbad0:   000000005eedbf30 000000005eedc010
0x000000005eedbae0:   0000000061d54d80 0000000061d54d70
0x000000005eedbaf0:   000000005eedbb00 000007fee09ac6b6
0x000000005eedbb00:   0000000000000006 0000000061d54d70
0x000000005eedbb10:   0000000067ff5c40 0000000067ff75d0
0x000000005eedbb20:   0000000067ffdc28 0000000001983d38 

Instructions: (pc=0x000007fedb8034a0)
0x000007fedb8033a0:   48 8b a8 80 00 00 00 48 8b 8d 30 08 00 00 48 85
0x000007fedb8033b0:   c9 75 0c e8 08 0c 00 00 48 8b 8d 30 08 00 00 48
0x000007fedb8033c0:   8b 01 0f 57 c0 48 89 85 30 08 00 00 0f 11 01 0f
0x000007fedb8033d0:   11 41 10 41 0f 10 06 0f 11 01 41 0f 10 4e 10 0f
0x000007fedb8033e0:   11 49 10 48 8b 43 08 48 89 0c 06 ff c7 ba 40 00
0x000007fedb8033f0:   00 00 3b bb 90 00 00 00 0f 82 62 ff ff ff 4c 8b
0x000007fedb803400:   74 24 60 4c 8b 6c 24 58 4c 8b 64 24 50 48 8b c3
0x000007fedb803410:   48 83 c4 20 41 5f 5f 5e 5d 5b c3 cc cc cc cc cc
0x000007fedb803420:   40 53 48 83 ec 20 8b 51 08 48 8b d9 83 fa 08 73
0x000007fedb803430:   2a 4c 8b 59 18 66 66 66 0f 1f 84 00 00 00 00 00
0x000007fedb803440:   44 8b c2 44 8d 52 01 43 83 3c 83 00 0f 85 8c 00
0x000007fedb803450:   00 00 41 8b d2 41 83 fa 08 72 e5 48 89 74 24 30
0x000007fedb803460:   48 89 7c 24 38 8b 79 0c 3b 79 10 73 5f 48 8d 35
0x000007fedb803470:   ec 05 75 00 0f 1f 40 00 0f 1f 84 00 00 00 00 00
0x000007fedb803480:   48 8b 43 20 8b cf 4c 8b 04 c8 4c 3b c6 74 36 33
0x000007fedb803490:   c0 4c 89 43 18 33 c9 66 0f 1f 84 00 00 00 00 00
0x000007fedb8034a0:   42 83 3c 01 00 8d 50 01 75 6e 48 83 c1 04 8b c2
0x000007fedb8034b0:   83 fa 08 72 eb 48 8b 4b 28 48 85 c9 74 07 8b d7
0x000007fedb8034c0:   e8 5b 01 00 00 ff c7 3b 7b 10 72 b4 48 8b 74 24
0x000007fedb8034d0:   30 33 c0 48 8b 7c 24 38 48 83 c4 20 5b c3 8b 41
0x000007fedb8034e0:   0c 44 8d 0c c2 41 c1 e1 05 41 81 c1 00 ff ff ff
0x000007fedb8034f0:   44 89 49 04 47 8b 04 83 49 0f bc d0 44 89 51 08
0x000007fedb803500:   8b ca 41 d3 e8 41 ff c8 41 8d 04 11 44 89 03 89
0x000007fedb803510:   43 04 48 83 c4 20 5b c3 48 8b 74 24 30 44 8d 0c
0x000007fedb803520:   f8 8b c8 8d 47 01 48 8b 7c 24 38 41 c1 e1 05 44
0x000007fedb803530:   89 4b 04 45 8b 04 88 89 53 08 49 0f bc d0 89 43
0x000007fedb803540:   0c 8b ca 41 d3 e8 41 ff c8 41 8d 04 11 44 89 03
0x000007fedb803550:   89 43 04 48 83 c4 20 5b c3 cc cc cc cc cc cc cc
0x000007fedb803560:   40 53 48 83 ec 20 65 48 8b 04 25 58 00 00 00 8b
0x000007fedb803570:   0d 57 c9 79 00 48 8b 1c c8 b8 40 00 00 00 80 3c
0x000007fedb803580:   18 00 75 05 e8 63 51 4a 00 b8 08 00 00 00 48 8b
0x000007fedb803590:   04 18 48 8b 88 d0 04 00 00 48 8b 99 80 00 00 00 


Stack slot to memory mapping:
stack at sp + 0 slots: 0x00000000679786e0 points into unknown readable memory: 0x00000000677dfcf0 | f0 fc 7d 67 00 00 00 00
stack at sp + 1 slots: 0x0000000067d76000 points into unknown readable memory: 0x0000000066ab0bd8 | d8 0b ab 66 00 00 00 00
stack at sp + 2 slots: 0x00000000002de6c8 points into unknown readable memory: 0x0000000000000000 | 00 00 00 00 00 00 00 00
stack at sp + 3 slots: 0x000007fedbd63820 jvm.dll
stack at sp + 4 slots: 0x00000000686209f0 points into unknown readable memory: 0x0000002900000006 | 06 00 00 00 29 00 00 00
stack at sp + 5 slots: 0x000007fedb7fc954 jvm.dll
stack at sp + 6 slots: 0x000000000000286c is an unknown value
stack at sp + 7 slots: 0x000000000000286c is an unknown value


---------------  P R O C E S S  ---------------

Threads class SMR info:
_java_thread_list=0x0000000061cd53d0, length=16, elements={
0x00000000003abab0, 0x000000005e4dd9c0, 0x000000005e4de3a0, 0x000000005e5379e0,
0x000000005e53a2a0, 0x000000005e53ab60, 0x000000005e53ec50, 0x000000005e53fd30,
0x000000005e557220, 0x000000005e47c800, 0x000000005f626970, 0x000000005f62b2b0,
0x000000005f62bd90, 0x000000005f535950, 0x0000000060683ad0, 0x000000005f536880
}

Java Threads: ( => current thread )
  0x00000000003abab0 JavaThread "main" [_thread_in_Java, id=9488, stack(0x00000000023b0000,0x00000000024b0000)]
  0x000000005e4dd9c0 JavaThread "Reference Handler" daemon [_thread_blocked, id=5224, stack(0x000000005e5d0000,0x000000005e6d0000)]
  0x000000005e4de3a0 JavaThread "Finalizer" daemon [_thread_blocked, id=4516, stack(0x000000005e920000,0x000000005ea20000)]
  0x000000005e5379e0 JavaThread "Signal Dispatcher" daemon [_thread_blocked, id=6672, stack(0x000000005eac0000,0x000000005ebc0000)]
  0x000000005e53a2a0 JavaThread "Attach Listener" daemon [_thread_blocked, id=6564, stack(0x000000005ec80000,0x000000005ed80000)]
  0x000000005e53ab60 JavaThread "Service Thread" daemon [_thread_blocked, id=1948, stack(0x000000005ef00000,0x000000005f000000)]
=>0x000000005e53ec50 JavaThread "C2 CompilerThread0" daemon [_thread_in_native, id=9248, stack(0x000000005ede0000,0x000000005eee0000)]
  0x000000005e53fd30 JavaThread "C1 CompilerThread0" daemon [_thread_in_native, id=9592, stack(0x000000005f040000,0x000000005f140000)]
  0x000000005e557220 JavaThread "Sweeper thread" daemon [_thread_blocked, id=9672, stack(0x000000005f280000,0x000000005f380000)]
  0x000000005e47c800 JavaThread "Common-Cleaner" daemon [_thread_blocked, id=9420, stack(0x000000005f7d0000,0x000000005f8d0000)]
  0x000000005f626970 JavaThread "JDWP Transport Listener: dt_socket" daemon [_thread_blocked, id=3432, stack(0x000000005fba0000,0x000000005fca0000)]
  0x000000005f62b2b0 JavaThread "JDWP Event Helper Thread" daemon [_thread_blocked, id=8016, stack(0x0000000060050000,0x0000000060150000)]
  0x000000005f62bd90 JavaThread "JDWP Command Reader" daemon [_thread_in_native, id=5100, stack(0x0000000060190000,0x0000000060290000)]
  0x000000005f535950 JavaThread "C2 CompilerThread1" daemon [_thread_in_native, id=5628, stack(0x00000000602a0000,0x00000000603a0000)]
  0x0000000060683ad0 JavaThread "Notification Thread" daemon [_thread_blocked, id=5368, stack(0x0000000060d50000,0x0000000060e50000)]
  0x000000005f536880 JavaThread "C2 CompilerThread2" daemon [_thread_in_native, id=8676, stack(0x00000000644f0000,0x00000000645f0000)]

Other Threads:
  0x000000005e4d7330 VMThread "VM Thread" [stack: 0x000000005e6d0000,0x000000005e7d0000] [id=9412]
  0x00000000003ac890 WatcherThread [stack: 0x0000000060ea0000,0x0000000060fa0000] [id=9356]
  0x00000000003edb40 GCTaskThread "GC Thread#0" [stack: 0x000000001ab70000,0x000000001ac70000] [id=7848]
  0x000000005f5a2dc0 GCTaskThread "GC Thread#1" [stack: 0x0000000060c20000,0x0000000060d20000] [id=9976]
  0x000000005f5a30f0 GCTaskThread "GC Thread#2" [stack: 0x00000000622b0000,0x00000000623b0000] [id=8668]
  0x000000005f5a3db0 GCTaskThread "GC Thread#3" [stack: 0x00000000640c0000,0x00000000641c0000] [id=9276]
  0x000000001a9f0b70 ConcurrentGCThread "G1 Main Marker" [stack: 0x000000001ae30000,0x000000001af30000] [id=7868]
  0x00000000003eefe0 ConcurrentGCThread "G1 Conc#0" [stack: 0x000000001acd0000,0x000000001add0000] [id=3468]
  0x000000005f5a40e0 ConcurrentGCThread "G1 Conc#1" [stack: 0x0000000064270000,0x0000000064370000] [id=9080]
  0x000000001aa7e020 ConcurrentGCThread "G1 Refine#0" [stack: 0x000000001d8b0000,0x000000001d9b0000] [id=5356]
  0x000000001aa7eb30 ConcurrentGCThread "G1 Young RemSet Sampling" [stack: 0x000000001da60000,0x000000001db60000] [id=6628]

Threads with active compile tasks:
C2 CompilerThread0     2941 1994       4       org.eclipse.jdt.launching.internal.org.objectweb.asm.ClassReader::accept (1383 bytes)
C1 CompilerThread0     2941 2961       3       java.lang.PublicMethods$MethodList::merge (192 bytes)
C2 CompilerThread2     2941 1946 %     4       org.eclipse.jdt.launching.internal.org.objectweb.asm.ClassReader::readCode @ 2165 (5089 bytes)

VM state: not at safepoint (normal execution)

VM Mutex/Monitor currently owned by a thread: None

Heap address: 0x0000000081a00000, size: 2022 MB, Compressed Oops mode: 32-bit
CDS disabled.
Compressed class space mapped at: 0x000000001db60000-0x000000005db60000, size: 1073741824
Narrow klass base: 0x0000000000000000, Narrow klass shift: 0, Narrow klass range: 0x5db60000

GC Precious Log:
 CPUs: 8 total, 8 available
 Memory: 8087M
 Large Page Support: Disabled
 NUMA Support: Disabled
 Compressed Oops: Enabled (32-bit)
 Heap Region Size: 1M
 Heap Min Capacity: 8M
 Heap Initial Capacity: 128M
 Heap Max Capacity: 2022M
 Pre-touch: Disabled
 Parallel Workers: 8
 Concurrent Workers: 2
 Concurrent Refinement Workers: 8
 Periodic GC: Disabled

Heap:
 garbage-first heap   total 49152K, used 18875K [0x0000000081a00000, 0x0000000100000000)
  region size 1024K, 11 young (11264K), 2 survivors (2048K)
 Metaspace       used 29788K, capacity 30114K, committed 30208K, reserved 1077248K
  class space    used 3167K, capacity 3245K, committed 3328K, reserved 1048576K

Heap Regions: E=young(eden), S=young(survivor), O=old, HS=humongous(starts), HC=humongous(continues), CS=collection set, F=free, OA=open archive, CA=closed archive, TAMS=top-at-mark-start (previous, next)
|   0|0x0000000081a00000, 0x0000000081b00000, 0x0000000081b00000|100%|HS|  |TAMS 0x0000000081b00000, 0x0000000081a00000| Complete 
|   1|0x0000000081b00000, 0x0000000081c00000, 0x0000000081c00000|100%| O|  |TAMS 0x0000000081c00000, 0x0000000081b00000| Untracked 
|   2|0x0000000081c00000, 0x0000000081d00000, 0x0000000081d00000|100%| O|  |TAMS 0x0000000081d00000, 0x0000000081c00000| Untracked 
|   3|0x0000000081d00000, 0x0000000081e00000, 0x0000000081e00000|100%| O|  |TAMS 0x0000000081e00000, 0x0000000081d00000| Untracked 
|   4|0x0000000081e00000, 0x0000000081f00000, 0x0000000081f00000|100%| O|  |TAMS 0x0000000081f00000, 0x0000000081e00000| Untracked 
|   5|0x0000000081f00000, 0x0000000082000000, 0x0000000082000000|100%| O|  |TAMS 0x0000000082000000, 0x0000000081f00000| Untracked 
|   6|0x0000000082000000, 0x0000000082050000, 0x0000000082100000| 31%| O|  |TAMS 0x0000000082050000, 0x0000000082000000| Untracked 
|   7|0x0000000082100000, 0x0000000082200000, 0x0000000082200000|100%| O|  |TAMS 0x0000000082100000, 0x0000000082100000| Untracked 
|   8|0x0000000082200000, 0x0000000082300000, 0x0000000082300000|100%| O|  |TAMS 0x0000000082200000, 0x0000000082200000| Untracked 
|   9|0x0000000082300000, 0x0000000082369a00, 0x0000000082400000| 41%| O|  |TAMS 0x0000000082300000, 0x0000000082300000| Untracked 
|  10|0x0000000082400000, 0x0000000082400000, 0x0000000082500000|  0%| F|  |TAMS 0x0000000082400000, 0x0000000082400000| Untracked 
|  11|0x0000000082500000, 0x0000000082500000, 0x0000000082600000|  0%| F|  |TAMS 0x0000000082500000, 0x0000000082500000| Untracked 
|  12|0x0000000082600000, 0x0000000082600000, 0x0000000082700000|  0%| F|  |TAMS 0x0000000082600000, 0x0000000082600000| Untracked 
|  13|0x0000000082700000, 0x0000000082700000, 0x0000000082800000|  0%| F|  |TAMS 0x0000000082700000, 0x0000000082700000| Untracked 
|  14|0x0000000082800000, 0x0000000082800000, 0x0000000082900000|  0%| F|  |TAMS 0x0000000082800000, 0x0000000082800000| Untracked 
|  15|0x0000000082900000, 0x0000000082900000, 0x0000000082a00000|  0%| F|  |TAMS 0x0000000082900000, 0x0000000082900000| Untracked 
|  16|0x0000000082a00000, 0x0000000082a00000, 0x0000000082b00000|  0%| F|  |TAMS 0x0000000082a00000, 0x0000000082a00000| Untracked 
|  17|0x0000000082b00000, 0x0000000082bb53a0, 0x0000000082c00000| 70%| S|CS|TAMS 0x0000000082b00000, 0x0000000082b00000| Complete 
|  18|0x0000000082c00000, 0x0000000082c00000, 0x0000000082d00000|  0%| F|  |TAMS 0x0000000082c00000, 0x0000000082c00000| Untracked 
|  19|0x0000000082d00000, 0x0000000082e00000, 0x0000000082e00000|100%| S|CS|TAMS 0x0000000082d00000, 0x0000000082d00000| Complete 
|  20|0x0000000082e00000, 0x0000000082e00000, 0x0000000082f00000|  0%| F|  |TAMS 0x0000000082e00000, 0x0000000082e00000| Untracked 
|  21|0x0000000082f00000, 0x0000000082f00000, 0x0000000083000000|  0%| F|  |TAMS 0x0000000082f00000, 0x0000000082f00000| Untracked 
|  22|0x0000000083000000, 0x0000000083000000, 0x0000000083100000|  0%| F|  |TAMS 0x0000000083000000, 0x0000000083000000| Untracked 
|  23|0x0000000083100000, 0x0000000083100000, 0x0000000083200000|  0%| F|  |TAMS 0x0000000083100000, 0x0000000083100000| Untracked 
|  24|0x0000000083200000, 0x0000000083200000, 0x0000000083300000|  0%| F|  |TAMS 0x0000000083200000, 0x0000000083200000| Untracked 
|  25|0x0000000083300000, 0x0000000083300000, 0x0000000083400000|  0%| F|  |TAMS 0x0000000083300000, 0x0000000083300000| Untracked 
|  26|0x0000000083400000, 0x0000000083400000, 0x0000000083500000|  0%| F|  |TAMS 0x0000000083400000, 0x0000000083400000| Untracked 
|  27|0x0000000083500000, 0x0000000083500000, 0x0000000083600000|  0%| F|  |TAMS 0x0000000083500000, 0x0000000083500000| Untracked 
|  28|0x0000000083600000, 0x0000000083600000, 0x0000000083700000|  0%| F|  |TAMS 0x0000000083600000, 0x0000000083600000| Untracked 
|  29|0x0000000083700000, 0x0000000083700000, 0x0000000083800000|  0%| F|  |TAMS 0x0000000083700000, 0x0000000083700000| Untracked 
|  30|0x0000000083800000, 0x0000000083800000, 0x0000000083900000|  0%| F|  |TAMS 0x0000000083800000, 0x0000000083800000| Untracked 
|  31|0x0000000083900000, 0x0000000083900000, 0x0000000083a00000|  0%| F|  |TAMS 0x0000000083900000, 0x0000000083900000| Untracked 
|  32|0x0000000083a00000, 0x0000000083a00000, 0x0000000083b00000|  0%| F|  |TAMS 0x0000000083a00000, 0x0000000083a00000| Untracked 
|  33|0x0000000083b00000, 0x0000000083b00000, 0x0000000083c00000|  0%| F|  |TAMS 0x0000000083b00000, 0x0000000083b00000| Untracked 
|  34|0x0000000083c00000, 0x0000000083c00000, 0x0000000083d00000|  0%| F|  |TAMS 0x0000000083c00000, 0x0000000083c00000| Untracked 
|  35|0x0000000083d00000, 0x0000000083d00000, 0x0000000083e00000|  0%| F|  |TAMS 0x0000000083d00000, 0x0000000083d00000| Untracked 
|  36|0x0000000083e00000, 0x0000000083e00000, 0x0000000083f00000|  0%| F|  |TAMS 0x0000000083e00000, 0x0000000083e00000| Untracked 
|  37|0x0000000083f00000, 0x0000000083f00000, 0x0000000084000000|  0%| F|  |TAMS 0x0000000083f00000, 0x0000000083f00000| Untracked 
|  38|0x0000000084000000, 0x0000000084000000, 0x0000000084100000|  0%| F|  |TAMS 0x0000000084000000, 0x0000000084000000| Untracked 
|  39|0x0000000084100000, 0x00000000841f81d8, 0x0000000084200000| 96%| E|  |TAMS 0x0000000084100000, 0x0000000084100000| Complete 
|  40|0x0000000084200000, 0x0000000084300000, 0x0000000084300000|100%| E|CS|TAMS 0x0000000084200000, 0x0000000084200000| Complete 
|  41|0x0000000084300000, 0x0000000084400000, 0x0000000084400000|100%| E|CS|TAMS 0x0000000084300000, 0x0000000084300000| Complete 
|  42|0x0000000084400000, 0x0000000084500000, 0x0000000084500000|100%| E|CS|TAMS 0x0000000084400000, 0x0000000084400000| Complete 
|  43|0x0000000084500000, 0x0000000084600000, 0x0000000084600000|100%| E|CS|TAMS 0x0000000084500000, 0x0000000084500000| Complete 
|  92|0x0000000087600000, 0x0000000087700000, 0x0000000087700000|100%| E|CS|TAMS 0x0000000087600000, 0x0000000087600000| Complete 
|  93|0x0000000087700000, 0x0000000087800000, 0x0000000087800000|100%| E|CS|TAMS 0x0000000087700000, 0x0000000087700000| Complete 
| 126|0x0000000089800000, 0x0000000089900000, 0x0000000089900000|100%| E|CS|TAMS 0x0000000089800000, 0x0000000089800000| Complete 
| 127|0x0000000089900000, 0x0000000089a00000, 0x0000000089a00000|100%| E|CS|TAMS 0x0000000089900000, 0x0000000089900000| Complete 

Card table byte_map: [0x00000000162a0000,0x00000000166a0000] _byte_map_base: 0x0000000015e93000

Marking Bits (Prev, Next): (CMBitMap*) 0x00000000003ee280, (CMBitMap*) 0x00000000003ee240
 Prev Bits: [0x0000000018a40000, 0x000000001a9d8000)
 Next Bits: [0x0000000016aa0000, 0x0000000018a38000)

Polling page: 0x0000000000130000

Metaspace:

Usage:
  Non-class:     26.24 MB capacity,    26.00 MB (>99%) used,   207.73 KB ( <1%) free+waste,    37.94 KB ( <1%) overhead. 
      Class:      3.17 MB capacity,     3.09 MB ( 98%) used,    62.56 KB (  2%) free+waste,    13.44 KB ( <1%) overhead. 
       Both:     29.41 MB capacity,    29.09 MB ( 99%) used,   270.30 KB ( <1%) free+waste,    51.38 KB ( <1%) overhead. 

Virtual space:
  Non-class space:       28.00 MB reserved,      26.25 MB ( 94%) committed 
      Class space:        1.00 GB reserved,       3.25 MB ( <1%) committed 
             Both:        1.03 GB reserved,      29.50 MB (  3%) committed 

Chunk freelists:
   Non-Class:  11.00 KB
       Class:  19.00 KB
        Both:  30.00 KB

MaxMetaspaceSize: 17179869184.00 GB
CompressedClassSpaceSize: 1.00 GB

CodeHeap 'non-profiled nmethods': size=120000Kb used=1331Kb max_used=1331Kb free=118668Kb
 bounds [0x000000000e000000, 0x000000000e270000, 0x0000000015530000]
CodeHeap 'profiled nmethods': size=120000Kb used=6435Kb max_used=6435Kb free=113564Kb
 bounds [0x0000000006ad0000, 0x0000000007120000, 0x000000000e000000]
CodeHeap 'non-nmethods': size=5760Kb used=1278Kb max_used=1336Kb free=4481Kb
 bounds [0x0000000006530000, 0x00000000067a0000, 0x0000000006ad0000]
 total_blobs=3414 nmethods=2965 adapters=360
 compilation: enabled
              stopped_count=0, restarted_count=0
 full_count=0

Compilation events (20 events):
Event: 2.758 Thread 0x000000005e53fd30 2819       1       org.springframework.beans.factory.support.AbstractBeanDefinition::setResource (6 bytes)
Event: 2.758 Thread 0x000000005e53fd30 nmethod 2819 0x000000000e137610 code [0x000000000e1377a0, 0x000000000e137898]
Event: 2.758 Thread 0x000000005e53fd30 2820       1       org.springframework.beans.factory.support.AbstractBeanDefinition::setAutowireMode (6 bytes)
Event: 2.758 Thread 0x000000005e53fd30 nmethod 2820 0x000000000e137910 code [0x000000000e137aa0, 0x000000000e137b58]
Event: 2.758 Thread 0x000000005e53fd30 2821       1       org.springframework.beans.factory.support.AbstractBeanDefinition::setDestroyMethodName (6 bytes)
Event: 2.758 Thread 0x000000005e53fd30 nmethod 2821 0x000000000e137c10 code [0x000000000e137da0, 0x000000000e137e98]
Event: 2.759 Thread 0x000000005f535950 nmethod 2807 0x000000000e137f10 code [0x000000000e1380a0, 0x000000000e1383f8]
Event: 2.759 Thread 0x000000005f535950 2784       4       java.util.LinkedHashMap::afterNodeInsertion (40 bytes)
Event: 2.759 Thread 0x000000005e53fd30 2822       3       java.lang.Boolean::hashCode (14 bytes)
Event: 2.759 Thread 0x000000005e53fd30 nmethod 2822 0x00000000070ae990 code [0x00000000070aeb20, 0x00000000070aec58]
Event: 2.759 Thread 0x000000005f535950 nmethod 2784 0x000000000e138710 code [0x000000000e1388a0, 0x000000000e138958]
Event: 2.759 Thread 0x000000005f535950 2823       4       java.lang.String::compareTo (9 bytes)
Event: 2.760 Thread 0x000000005e53fd30 2824       1       org.springframework.beans.factory.support.AbstractBeanDefinition::setLenientConstructorResolution (6 bytes)
Event: 2.760 Thread 0x000000005e53fd30 nmethod 2824 0x000000000e138a10 code [0x000000000e138ba0, 0x000000000e138c58]
Event: 2.760 Thread 0x000000005e53fd30 2825       3       java.lang.reflect.Modifier::isAbstract (14 bytes)
Event: 2.760 Thread 0x000000005e53fd30 nmethod 2825 0x00000000070aed10 code [0x00000000070aeea0, 0x00000000070aefd8]
Event: 2.760 Thread 0x000000005f535950 nmethod 2823 0x000000000e138d10 code [0x000000000e138ea0, 0x000000000e139058]
Event: 2.760 Thread 0x000000005f535950 2787       4       jdk.internal.org.objectweb.asm.Frame::push (109 bytes)
Event: 2.761 Thread 0x000000005e53fd30 2826       3       jdk.internal.org.objectweb.asm.SymbolTable::hash (12 bytes)
Event: 2.761 Thread 0x000000005e53fd30 nmethod 2826 0x00000000070af090 code [0x00000000070af240, 0x00000000070af368]

GC Heap History (16 events):
Event: 1.148 GC heap before
{Heap before GC invocations=0 (full 0):
 garbage-first heap   total 131072K, used 24576K [0x0000000081a00000, 0x0000000100000000)
  region size 1024K, 23 young (23552K), 0 survivors (0K)
 Metaspace       used 12757K, capacity 12909K, committed 12928K, reserved 1060864K
  class space    used 1117K, capacity 1150K, committed 1152K, reserved 1048576K
}
Event: 1.154 GC heap after
{Heap after GC invocations=1 (full 0):
 garbage-first heap   total 131072K, used 6303K [0x0000000081a00000, 0x0000000100000000)
  region size 1024K, 3 young (3072K), 3 survivors (3072K)
 Metaspace       used 12757K, capacity 12909K, committed 12928K, reserved 1060864K
  class space    used 1117K, capacity 1150K, committed 1152K, reserved 1048576K
}
Event: 1.497 GC heap before
{Heap before GC invocations=1 (full 0):
 garbage-first heap   total 131072K, used 32927K [0x0000000081a00000, 0x0000000100000000)
  region size 1024K, 29 young (29696K), 3 survivors (3072K)
 Metaspace       used 17156K, capacity 17363K, committed 17664K, reserved 1064960K
  class space    used 1645K, capacity 1694K, committed 1792K, reserved 1048576K
}
Event: 1.502 GC heap after
{Heap after GC invocations=2 (full 0):
 garbage-first heap   total 131072K, used 7553K [0x0000000081a00000, 0x0000000100000000)
  region size 1024K, 2 young (2048K), 2 survivors (2048K)
 Metaspace       used 17156K, capacity 17363K, committed 17664K, reserved 1064960K
  class space    used 1645K, capacity 1694K, committed 1792K, reserved 1048576K
}
Event: 1.747 GC heap before
{Heap before GC invocations=2 (full 0):
 garbage-first heap   total 131072K, used 39297K [0x0000000081a00000, 0x0000000100000000)
  region size 1024K, 34 young (34816K), 2 survivors (2048K)
 Metaspace       used 20949K, capacity 21157K, committed 21296K, reserved 1069056K
  class space    used 2101K, capacity 2167K, committed 2176K, reserved 1048576K
}
Event: 1.750 GC heap after
{Heap after GC invocations=3 (full 0):
 garbage-first heap   total 131072K, used 8252K [0x0000000081a00000, 0x0000000100000000)
  region size 1024K, 2 young (2048K), 2 survivors (2048K)
 Metaspace       used 20949K, capacity 21157K, committed 21296K, reserved 1069056K
  class space    used 2101K, capacity 2167K, committed 2176K, reserved 1048576K
}
Event: 1.891 GC heap before
{Heap before GC invocations=4 (full 0):
 garbage-first heap   total 37888K, used 36924K [0x0000000081a00000, 0x0000000100000000)
  region size 1024K, 30 young (30720K), 2 survivors (2048K)
 Metaspace       used 23708K, capacity 23979K, committed 24064K, reserved 1071104K
  class space    used 2433K, capacity 2488K, committed 2560K, reserved 1048576K
}
Event: 1.893 GC heap after
{Heap after GC invocations=5 (full 0):
 garbage-first heap   total 40960K, used 8740K [0x0000000081a00000, 0x0000000100000000)
  region size 1024K, 3 young (3072K), 3 survivors (3072K)
 Metaspace       used 23708K, capacity 23979K, committed 24064K, reserved 1071104K
  class space    used 2433K, capacity 2488K, committed 2560K, reserved 1048576K
}
Event: 2.024 GC heap before
{Heap before GC invocations=5 (full 0):
 garbage-first heap   total 40960K, used 27172K [0x0000000081a00000, 0x0000000100000000)
  region size 1024K, 22 young (22528K), 3 survivors (3072K)
 Metaspace       used 25671K, capacity 25898K, committed 26112K, reserved 1073152K
  class space    used 2689K, capacity 2788K, committed 2816K, reserved 1048576K
}
Event: 2.028 GC heap after
{Heap after GC invocations=6 (full 0):
 garbage-first heap   total 40960K, used 9154K [0x0000000081a00000, 0x0000000100000000)
  region size 1024K, 2 young (2048K), 2 survivors (2048K)
 Metaspace       used 25671K, capacity 25898K, committed 26112K, reserved 1073152K
  class space    used 2689K, capacity 2788K, committed 2816K, reserved 1048576K
}
Event: 2.075 GC heap before
{Heap before GC invocations=6 (full 0):
 garbage-first heap   total 40960K, used 28610K [0x0000000081a00000, 0x0000000100000000)
  region size 1024K, 22 young (22528K), 2 survivors (2048K)
 Metaspace       used 25903K, capacity 26124K, committed 26496K, reserved 1073152K
  class space    used 2722K, capacity 2822K, committed 2944K, reserved 1048576K
}
Event: 2.077 GC heap after
{Heap after GC invocations=7 (full 0):
 garbage-first heap   total 40960K, used 9425K [0x0000000081a00000, 0x0000000100000000)
  region size 1024K, 2 young (2048K), 2 survivors (2048K)
 Metaspace       used 25903K, capacity 26124K, committed 26496K, reserved 1073152K
  class space    used 2722K, capacity 2822K, committed 2944K, reserved 1048576K
}
Event: 2.085 GC heap before
{Heap before GC invocations=7 (full 0):
 garbage-first heap   total 40960K, used 28881K [0x0000000081a00000, 0x0000000100000000)
  region size 1024K, 22 young (22528K), 2 survivors (2048K)
 Metaspace       used 25996K, capacity 26252K, committed 26496K, reserved 1073152K
  class space    used 2729K, capacity 2822K, committed 2944K, reserved 1048576K
}
Event: 2.087 GC heap after
{Heap after GC invocations=8 (full 0):
 garbage-first heap   total 40960K, used 9540K [0x0000000081a00000, 0x0000000100000000)
  region size 1024K, 2 young (2048K), 2 survivors (2048K)
 Metaspace       used 25996K, capacity 26252K, committed 26496K, reserved 1073152K
  class space    used 2729K, capacity 2822K, committed 2944K, reserved 1048576K
}
Event: 2.426 GC heap before
{Heap before GC invocations=8 (full 0):
 garbage-first heap   total 40960K, used 30020K [0x0000000081a00000, 0x0000000100000000)
  region size 1024K, 23 young (23552K), 2 survivors (2048K)
 Metaspace       used 27510K, capacity 27739K, committed 27904K, reserved 1075200K
  class space    used 2884K, capacity 2971K, committed 3072K, reserved 1048576K
}
Event: 2.430 GC heap after
{Heap after GC invocations=9 (full 0):
 garbage-first heap   total 40960K, used 10341K [0x0000000081a00000, 0x0000000100000000)
  region size 1024K, 3 young (3072K), 3 survivors (3072K)
 Metaspace       used 27510K, capacity 27739K, committed 27904K, reserved 1075200K
  class space    used 2884K, capacity 2971K, committed 3072K, reserved 1048576K
}

Deoptimization events (20 events):
Event: 2.736 Thread 0x00000000003abab0 Uncommon trap: trap_request=0xffffff45 fr.pc=0x000000000e0d9290 relative=0x0000000000000230
Event: 2.736 Thread 0x00000000003abab0 Uncommon trap: reason=unstable_if action=reinterpret pc=0x000000000e0d9290 method=org.eclipse.jdt.launching.internal.org.objectweb.asm.AnnotationWriter.putAnnotations(Lorg/eclipse/jdt/launching/internal/org/objectweb/asm/SymbolTable;Lorg/eclipse/jdt/launc
Event: 2.736 Thread 0x00000000003abab0 DEOPT PACKING pc=0x000000000e0d9290 sp=0x00000000024aaa10
Event: 2.736 Thread 0x00000000003abab0 DEOPT UNPACKING pc=0x000000000657e42f sp=0x00000000024aa9d0 mode 2
Event: 2.737 Thread 0x00000000003abab0 DEOPT PACKING pc=0x0000000006cebb3c sp=0x00000000024ac4f0
Event: 2.737 Thread 0x00000000003abab0 DEOPT UNPACKING pc=0x000000000657e23f sp=0x00000000024ab988 mode 1
Event: 2.737 Thread 0x00000000003abab0 DEOPT PACKING pc=0x0000000006ca4c54 sp=0x00000000024ac5c0
Event: 2.737 Thread 0x00000000003abab0 DEOPT UNPACKING pc=0x000000000657e23f sp=0x00000000024aba78 mode 1
Event: 2.737 Thread 0x00000000003abab0 DEOPT PACKING pc=0x0000000006cec9a4 sp=0x00000000024acfd0
Event: 2.737 Thread 0x00000000003abab0 DEOPT UNPACKING pc=0x000000000657e23f sp=0x00000000024ac4a8 mode 1
Event: 2.737 Thread 0x00000000003abab0 DEOPT PACKING pc=0x0000000006e7080c sp=0x00000000024ad070
Event: 2.737 Thread 0x00000000003abab0 DEOPT UNPACKING pc=0x000000000657e23f sp=0x00000000024ac520 mode 1
Event: 2.737 Thread 0x00000000003abab0 DEOPT PACKING pc=0x0000000006f18c4c sp=0x00000000024ad0d0
Event: 2.737 Thread 0x00000000003abab0 DEOPT UNPACKING pc=0x000000000657e23f sp=0x00000000024ac638 mode 1
Event: 2.737 Thread 0x00000000003abab0 DEOPT PACKING pc=0x0000000006e74e04 sp=0x00000000024ad220
Event: 2.737 Thread 0x00000000003abab0 DEOPT UNPACKING pc=0x000000000657e23f sp=0x00000000024ac6c8 mode 1
Event: 2.737 Thread 0x00000000003abab0 DEOPT PACKING pc=0x0000000006eff004 sp=0x00000000024ad270
Event: 2.737 Thread 0x00000000003abab0 DEOPT UNPACKING pc=0x000000000657e23f sp=0x00000000024ac770 mode 1
Event: 2.737 Thread 0x00000000003abab0 DEOPT PACKING pc=0x000000000701cb0c sp=0x00000000024ad340
Event: 2.737 Thread 0x00000000003abab0 DEOPT UNPACKING pc=0x000000000657e23f sp=0x00000000024ac8d8 mode 1

Classes unloaded (0 events):
No events

Classes redefined (0 events):
No events

Internal exceptions (20 events):
Event: 1.942 Thread 0x00000000003abab0 Exception <a 'java/lang/ClassNotFoundException'{0x00000000834d0ac8}: org/springframework/core/OrderedCustomizer> (0x00000000834d0ac8) 
thrown [./open/src/hotspot/share/classfile/systemDictionary.cpp, line 295]
Event: 1.943 Thread 0x00000000003abab0 Exception <a 'java/lang/ClassNotFoundException'{0x00000000834d4870}: org/springframework/context/ResourceLoaderAwareCustomizer> (0x00000000834d4870) 
thrown [./open/src/hotspot/share/classfile/systemDictionary.cpp, line 295]
Event: 1.944 Thread 0x00000000003abab0 Exception <a 'java/lang/ClassNotFoundException'{0x00000000834d8780}: org/springframework/beans/factory/AwareCustomizer> (0x00000000834d8780) 
thrown [./open/src/hotspot/share/classfile/systemDictionary.cpp, line 295]
Event: 1.944 Thread 0x00000000003abab0 Exception <a 'java/lang/ClassNotFoundException'{0x00000000834db658}: org/springframework/context/ApplicationStartupAwareCustomizer> (0x00000000834db658) 
thrown [./open/src/hotspot/share/classfile/systemDictionary.cpp, line 295]
Event: 1.945 Thread 0x00000000003abab0 Exception <a 'java/lang/ClassNotFoundException'{0x00000000834df7e0}: org/springframework/beans/factory/AwareCustomizer> (0x00000000834df7e0) 
thrown [./open/src/hotspot/share/classfile/systemDictionary.cpp, line 295]
Event: 1.945 Thread 0x00000000003abab0 Exception <a 'java/lang/ClassNotFoundException'{0x00000000834e2690}: org/springframework/beans/factory/BeanClassLoaderAwareCustomizer> (0x00000000834e2690) 
thrown [./open/src/hotspot/share/classfile/systemDictionary.cpp, line 295]
Event: 1.945 Thread 0x00000000003abab0 Exception <a 'java/lang/ClassNotFoundException'{0x00000000834e65b8}: org/springframework/beans/factory/AwareCustomizer> (0x00000000834e65b8) 
thrown [./open/src/hotspot/share/classfile/systemDictionary.cpp, line 295]
Event: 1.946 Thread 0x00000000003abab0 Exception <a 'java/lang/ClassNotFoundException'{0x00000000834e92a8}: org/springframework/context/EnvironmentAwareCustomizer> (0x00000000834e92a8) 
thrown [./open/src/hotspot/share/classfile/systemDictionary.cpp, line 295]
Event: 1.946 Thread 0x00000000003abab0 Exception <a 'java/lang/ClassNotFoundException'{0x00000000834ed148}: org/springframework/beans/factory/AwareCustomizer> (0x00000000834ed148) 
thrown [./open/src/hotspot/share/classfile/systemDictionary.cpp, line 295]
Event: 1.960 Thread 0x0000000061c45b60 Exception <a 'java/lang/NoSuchMethodError'{0x000000008319e5d8}: 'long java.lang.invoke.DirectMethodHandle$Holder.invokeSpecial(java.lang.Object, java.lang.Object)'> (0x000000008319e5d8) 
thrown [./open/src/hotspot/share/interpreter/linkResolver.cpp, line 782]
Event: 1.962 Thread 0x0000000061c45b60 Exception <a 'java/lang/NoSuchMethodError'{0x0000000083006d58}: 'long java.lang.invoke.DirectMethodHandle$Holder.invokeStatic(java.lang.Object, java.lang.Object)'> (0x0000000083006d58) 
thrown [./open/src/hotspot/share/interpreter/linkResolver.cpp, line 782]
Event: 1.963 Thread 0x0000000061c45b60 Exception <a 'java/lang/NoSuchMethodError'{0x000000008300a538}: 'long java.lang.invoke.DirectMethodHandle$Holder.invokeStaticInit(java.lang.Object, java.lang.Object)'> (0x000000008300a538) 
thrown [./open/src/hotspot/share/interpreter/linkResolver.cpp, line 782]
Event: 1.966 Thread 0x0000000061c45b60 Exception <a 'java/lang/NoSuchMethodError'{0x00000000830189f0}: 'long java.lang.invoke.DirectMethodHandle$Holder.invokeInterface(java.lang.Object, java.lang.Object)'> (0x00000000830189f0) 
thrown [./open/src/hotspot/share/interpreter/linkResolver.cpp, line 782]
Event: 1.966 Thread 0x0000000061c45b60 Exception <a 'java/lang/IncompatibleClassChangeError'{0x000000008301c150}: Found class java.lang.Object, but interface was expected> (0x000000008301c150) 
thrown [./open/src/hotspot/share/interpreter/linkResolver.cpp, line 848]
Event: 1.978 Thread 0x0000000061c45b60 Exception <a 'java/lang/NoSuchMethodError'{0x0000000082e54528}: 'java.lang.Object java.lang.invoke.DirectMethodHandle$Holder.invokeVirtual(java.lang.Object, java.lang.Object, java.lang.Object, java.lang.Object)'> (0x0000000082e54528) 
thrown [./open/src/hotspot/share/interpreter/linkResolver.cpp, line 782]
Event: 2.022 Thread 0x00000000003abab0 Exception <a 'java/lang/NoSuchMethodError'{0x0000000082cdcb78}: 'int java.lang.invoke.DirectMethodHandle$Holder.invokeSpecialIFC(java.lang.Object, java.lang.Object, java.lang.Object, java.lang.Object)'> (0x0000000082cdcb78) 
thrown [./open/src/hotspot/share/interpreter/linkResolver.cpp, line 782]
Event: 2.127 Thread 0x00000000003abab0 Exception <a 'java/lang/IncompatibleClassChangeError'{0x0000000083c72930}: Found class java.lang.Object, but interface was expected> (0x0000000083c72930) 
thrown [./open/src/hotspot/share/interpreter/linkResolver.cpp, line 848]
Event: 2.175 Thread 0x00000000003abab0 Exception <a 'java/lang/NoSuchMethodError'{0x0000000083a8a818}: 'void java.lang.invoke.DirectMethodHandle$Holder.invokeInterface(java.lang.Object, java.lang.Object, java.lang.Object, java.lang.Object)'> (0x0000000083a8a818) 
thrown [./open/src/hotspot/share/interpreter/linkResolver.cpp, line 782]
Event: 2.277 Thread 0x00000000003abab0 Exception <a 'java/lang/NoSuchMethodError'{0x000000008341e4d8}: 'java.lang.Object java.lang.invoke.DirectMethodHandle$Holder.invokeStatic(java.lang.Object, java.lang.Object, int)'> (0x000000008341e4d8) 
thrown [./open/src/hotspot/share/interpreter/linkResolver.cpp, line 782]
Event: 2.278 Thread 0x00000000003abab0 Exception <a 'java/lang/NoSuchMethodError'{0x000000008342a7e0}: 'void java.lang.invoke.DelegatingMethodHandle$Holder.delegate(java.lang.Object, java.lang.Object, int, java.lang.Object)'> (0x000000008342a7e0) 
thrown [./open/src/hotspot/share/interpreter/linkResolver.cpp, line 782]

Events (20 events):
Event: 2.276 loading class java/lang/invoke/MethodHandleImpl$ArrayAccessor done
Event: 2.276 loading class java/lang/invoke/MethodHandleImpl$ArrayAccessor$1
Event: 2.276 loading class java/lang/invoke/MethodHandleImpl$ArrayAccessor$1 done
Event: 2.276 loading class java/lang/ClassValue$ClassValueMap
Event: 2.276 loading class java/lang/ClassValue$ClassValueMap done
Event: 2.276 Executing VM operation: HandshakeAllThreads
Event: 2.276 Executing VM operation: HandshakeAllThreads done
Event: 2.280 loading class java/lang/invoke/MethodHandleImpl$WrappedMember
Event: 2.280 loading class java/lang/invoke/MethodHandleImpl$WrappedMember done
Event: 2.304 loading class jdk/internal/access/foreign/MemorySegmentProxy
Event: 2.304 loading class jdk/internal/access/foreign/MemorySegmentProxy done
Event: 2.426 Executing VM operation: G1CollectForAllocation
Event: 2.431 Executing VM operation: G1CollectForAllocation done
Event: 2.431 Executing VM operation: HandshakeAllThreads
Event: 2.431 Executing VM operation: HandshakeAllThreads done
Event: 2.437 Loaded shared library D:\eclipse-20-12\plugins\org.eclipse.justj.openjdk.hotspot.jre.full.win32.x86_64_15.0.1.v20201027-0507\jre\bin\java.dll
Event: 2.551 Executing VM operation: HandshakeAllThreads
Event: 2.551 Executing VM operation: HandshakeAllThreads done
Event: 2.600 Executing VM operation: ChangeBreakpoints
Event: 2.601 Executing VM operation: ChangeBreakpoints done


Dynamic libraries:
0x000000013fd50000 - 0x000000013fd5d000 	D:\eclipse-20-12\plugins\org.eclipse.justj.openjdk.hotspot.jre.full.win32.x86_64_15.0.1.v20201027-0507\jre\bin\javaw.exe
0x0000000077520000 - 0x00000000776c9000 	C:\Windows\SYSTEM32\ntdll.dll
0x0000000077400000 - 0x000000007751f000 	C:\Windows\system32\kernel32.dll
0x000007fefd5c0000 - 0x000007fefd62c000 	C:\Windows\system32\KERNELBASE.dll
0x000007fef5380000 - 0x000007fef5398000 	D:\eclipse-20-12\plugins\org.eclipse.justj.openjdk.hotspot.jre.full.win32.x86_64_15.0.1.v20201027-0507\jre\bin\jli.dll
0x000007fefc140000 - 0x000007fefc334000 	C:\Windows\WinSxS\amd64_microsoft.windows.common-controls_6595b64144ccf1df_6.0.7601.17514_none_fa396087175ac9ac\COMCTL32.dll
0x000007feff4d0000 - 0x000007feff56f000 	C:\Windows\system32\msvcrt.dll
0x000007feff460000 - 0x000007feff4c7000 	C:\Windows\system32\GDI32.dll
0x0000000077300000 - 0x00000000773fa000 	C:\Windows\system32\USER32.dll
0x000007fefea70000 - 0x000007fefea7e000 	C:\Windows\system32\LPK.dll
0x000007feff390000 - 0x000007feff459000 	C:\Windows\system32\USP10.dll
0x000007feff000000 - 0x000007feff071000 	C:\Windows\system32\SHLWAPI.dll
0x000007fef5290000 - 0x000007fef52a9000 	D:\eclipse-20-12\plugins\org.eclipse.justj.openjdk.hotspot.jre.full.win32.x86_64_15.0.1.v20201027-0507\jre\bin\VCRUNTIME140.dll
0x000007fef5430000 - 0x000007fef5434000 	D:\eclipse-20-12\plugins\org.eclipse.justj.openjdk.hotspot.jre.full.win32.x86_64_15.0.1.v20201027-0507\jre\bin\api-ms-win-crt-runtime-l1-1-0.dll
0x000007fee09a0000 - 0x000007fee0a9a000 	D:\eclipse-20-12\plugins\org.eclipse.justj.openjdk.hotspot.jre.full.win32.x86_64_15.0.1.v20201027-0507\jre\bin\ucrtbase.DLL
0x000007fef5280000 - 0x000007fef5283000 	D:\eclipse-20-12\plugins\org.eclipse.justj.openjdk.hotspot.jre.full.win32.x86_64_15.0.1.v20201027-0507\jre\bin\api-ms-win-core-localization-l1-2-0.dll
0x000007fef50e0000 - 0x000007fef50e3000 	D:\eclipse-20-12\plugins\org.eclipse.justj.openjdk.hotspot.jre.full.win32.x86_64_15.0.1.v20201027-0507\jre\bin\api-ms-win-core-processthreads-l1-1-1.dll
0x000007fef5270000 - 0x000007fef5273000 	D:\eclipse-20-12\plugins\org.eclipse.justj.openjdk.hotspot.jre.full.win32.x86_64_15.0.1.v20201027-0507\jre\bin\api-ms-win-core-file-l1-2-0.dll
0x000007fef4910000 - 0x000007fef4913000 	D:\eclipse-20-12\plugins\org.eclipse.justj.openjdk.hotspot.jre.full.win32.x86_64_15.0.1.v20201027-0507\jre\bin\api-ms-win-core-timezone-l1-1-0.dll
0x000007fef4900000 - 0x000007fef4903000 	D:\eclipse-20-12\plugins\org.eclipse.justj.openjdk.hotspot.jre.full.win32.x86_64_15.0.1.v20201027-0507\jre\bin\api-ms-win-core-file-l2-1-0.dll
0x000007fef48a0000 - 0x000007fef48a3000 	D:\eclipse-20-12\plugins\org.eclipse.justj.openjdk.hotspot.jre.full.win32.x86_64_15.0.1.v20201027-0507\jre\bin\api-ms-win-core-synch-l1-2-0.dll
0x000007fef4890000 - 0x000007fef4893000 	D:\eclipse-20-12\plugins\org.eclipse.justj.openjdk.hotspot.jre.full.win32.x86_64_15.0.1.v20201027-0507\jre\bin\api-ms-win-crt-heap-l1-1-0.dll
0x000007fef4880000 - 0x000007fef4884000 	D:\eclipse-20-12\plugins\org.eclipse.justj.openjdk.hotspot.jre.full.win32.x86_64_15.0.1.v20201027-0507\jre\bin\api-ms-win-crt-string-l1-1-0.dll
0x000007fef4870000 - 0x000007fef4874000 	D:\eclipse-20-12\plugins\org.eclipse.justj.openjdk.hotspot.jre.full.win32.x86_64_15.0.1.v20201027-0507\jre\bin\api-ms-win-crt-stdio-l1-1-0.dll
0x000007fef4830000 - 0x000007fef4834000 	D:\eclipse-20-12\plugins\org.eclipse.justj.openjdk.hotspot.jre.full.win32.x86_64_15.0.1.v20201027-0507\jre\bin\api-ms-win-crt-convert-l1-1-0.dll
0x000007fef4530000 - 0x000007fef4533000 	D:\eclipse-20-12\plugins\org.eclipse.justj.openjdk.hotspot.jre.full.win32.x86_64_15.0.1.v20201027-0507\jre\bin\api-ms-win-crt-environment-l1-1-0.dll
0x000007fef4520000 - 0x000007fef4523000 	D:\eclipse-20-12\plugins\org.eclipse.justj.openjdk.hotspot.jre.full.win32.x86_64_15.0.1.v20201027-0507\jre\bin\api-ms-win-crt-filesystem-l1-1-0.dll
0x000007fef3110000 - 0x000007fef3115000 	D:\eclipse-20-12\plugins\org.eclipse.justj.openjdk.hotspot.jre.full.win32.x86_64_15.0.1.v20201027-0507\jre\bin\api-ms-win-crt-math-l1-1-0.dll
0x000007fef1ff0000 - 0x000007fef1ff3000 	D:\eclipse-20-12\plugins\org.eclipse.justj.openjdk.hotspot.jre.full.win32.x86_64_15.0.1.v20201027-0507\jre\bin\api-ms-win-crt-locale-l1-1-0.dll
0x000007feff260000 - 0x000007feff28e000 	C:\Windows\system32\IMM32.DLL
0x000007feff5d0000 - 0x000007feff6d9000 	C:\Windows\system32\MSCTF.dll
0x000007fefd210000 - 0x000007fefd250000 	C:\Windows\system32\nvinitx.dll
0x000007feff2b0000 - 0x000007feff38b000 	C:\Windows\system32\ADVAPI32.dll
0x000007feff290000 - 0x000007feff2af000 	C:\Windows\SYSTEM32\sechost.dll
0x000007fefeb20000 - 0x000007fefec4d000 	C:\Windows\system32\RPCRT4.dll
0x000007fee4dd0000 - 0x000007fee4ddc000 	D:\eclipse-20-12\plugins\org.eclipse.justj.openjdk.hotspot.jre.full.win32.x86_64_15.0.1.v20201027-0507\jre\bin\vcruntime140_1.dll
0x000007fedff20000 - 0x000007fedffb1000 	D:\eclipse-20-12\plugins\org.eclipse.justj.openjdk.hotspot.jre.full.win32.x86_64_15.0.1.v20201027-0507\jre\bin\msvcp140.dll
0x000007fef1fe0000 - 0x000007fef1fe3000 	D:\eclipse-20-12\plugins\org.eclipse.justj.openjdk.hotspot.jre.full.win32.x86_64_15.0.1.v20201027-0507\jre\bin\api-ms-win-crt-time-l1-1-0.dll
0x000007fef1f50000 - 0x000007fef1f53000 	D:\eclipse-20-12\plugins\org.eclipse.justj.openjdk.hotspot.jre.full.win32.x86_64_15.0.1.v20201027-0507\jre\bin\api-ms-win-crt-utility-l1-1-0.dll
0x000007fedb4d0000 - 0x000007fedc02e000 	D:\eclipse-20-12\plugins\org.eclipse.justj.openjdk.hotspot.jre.full.win32.x86_64_15.0.1.v20201027-0507\jre\bin\server\jvm.dll
0x000007fef7410000 - 0x000007fef7419000 	C:\Windows\system32\WSOCK32.dll
0x000007fefe810000 - 0x000007fefe85d000 	C:\Windows\system32\WS2_32.dll
0x000007feff780000 - 0x000007feff788000 	C:\Windows\system32\NSI.dll
0x000007fef92f0000 - 0x000007fef932b000 	C:\Windows\system32\WINMM.dll
0x000007fefbd20000 - 0x000007fefbd2c000 	C:\Windows\system32\VERSION.dll
0x00000000776e0000 - 0x00000000776e7000 	C:\Windows\system32\PSAPI.DLL
0x000007fee48b0000 - 0x000007fee48ba000 	D:\eclipse-20-12\plugins\org.eclipse.justj.openjdk.hotspot.jre.full.win32.x86_64_15.0.1.v20201027-0507\jre\bin\jimage.dll
0x000007fef4550000 - 0x000007fef4675000 	C:\Windows\system32\DBGHELP.DLL
0x000007feef670000 - 0x000007feef6a9000 	D:\eclipse-20-12\plugins\org.eclipse.justj.openjdk.hotspot.jre.full.win32.x86_64_15.0.1.v20201027-0507\jre\bin\jdwp.dll
0x000007fef49a0000 - 0x000007fef49ae000 	D:\eclipse-20-12\plugins\org.eclipse.justj.openjdk.hotspot.jre.full.win32.x86_64_15.0.1.v20201027-0507\jre\bin\instrument.dll
0x000007fee4880000 - 0x000007fee48a5000 	D:\eclipse-20-12\plugins\org.eclipse.justj.openjdk.hotspot.jre.full.win32.x86_64_15.0.1.v20201027-0507\jre\bin\java.dll
0x000007fee4860000 - 0x000007fee4878000 	D:\eclipse-20-12\plugins\org.eclipse.justj.openjdk.hotspot.jre.full.win32.x86_64_15.0.1.v20201027-0507\jre\bin\zip.dll
0x000007fefd6a0000 - 0x000007fefe428000 	C:\Windows\system32\SHELL32.dll
0x000007fefe860000 - 0x000007fefea63000 	C:\Windows\system32\ole32.dll
0x000007fefd2e0000 - 0x000007fefd2ef000 	C:\Windows\system32\profapi.dll
0x000007fef4990000 - 0x000007fef499b000 	D:\eclipse-20-12\plugins\org.eclipse.justj.openjdk.hotspot.jre.full.win32.x86_64_15.0.1.v20201027-0507\jre\bin\dt_socket.dll
0x000007fefad80000 - 0x000007fefada7000 	C:\Windows\system32\IPHLPAPI.DLL
0x000007fefad70000 - 0x000007fefad7b000 	C:\Windows\system32\WINNSI.DLL
0x000007fefc640000 - 0x000007fefc695000 	C:\Windows\system32\mswsock.dll
0x000007fefbdf0000 - 0x000007fefbdf7000 	C:\Windows\System32\wshtcpip.dll
0x000007fefc630000 - 0x000007fefc637000 	C:\Windows\System32\wship6.dll
0x000007fefc4c0000 - 0x000007fefc51b000 	C:\Windows\system32\DNSAPI.dll
0x000007fef5470000 - 0x000007fef549e000 	C:\Program Files\Common Files\Microsoft Shared\Windows Live\WLIDNSP.DLL
0x000000006fc50000 - 0x000000006fc76000 	C:\Program Files\Bonjour\mdnsNSP.dll
0x000007fef5210000 - 0x000007fef5218000 	C:\Windows\system32\rasadhlp.dll
0x000007fefabb0000 - 0x000007fefac03000 	C:\Windows\System32\fwpuclnt.dll
0x000007fee1200000 - 0x000007fee1219000 	D:\eclipse-20-12\plugins\org.eclipse.justj.openjdk.hotspot.jre.full.win32.x86_64_15.0.1.v20201027-0507\jre\bin\net.dll
0x000007fef6770000 - 0x000007fef67e1000 	C:\Windows\system32\WINHTTP.dll
0x000007fef6700000 - 0x000007fef6764000 	C:\Windows\system32\webio.dll
0x000007fee0b60000 - 0x000007fee0b72000 	D:\eclipse-20-12\plugins\org.eclipse.justj.openjdk.hotspot.jre.full.win32.x86_64_15.0.1.v20201027-0507\jre\bin\nio.dll
0x000007fee0b50000 - 0x000007fee0b60000 	D:\eclipse-20-12\plugins\org.eclipse.justj.openjdk.hotspot.jre.full.win32.x86_64_15.0.1.v20201027-0507\jre\bin\verify.dll
0x000007fef17b0000 - 0x000007fef17b9000 	D:\eclipse-20-12\plugins\org.eclipse.justj.openjdk.hotspot.jre.full.win32.x86_64_15.0.1.v20201027-0507\jre\bin\management.dll
0x000007fee4e80000 - 0x000007fee4e8b000 	D:\eclipse-20-12\plugins\org.eclipse.justj.openjdk.hotspot.jre.full.win32.x86_64_15.0.1.v20201027-0507\jre\bin\management_ext.dll
0x000007fefb5b0000 - 0x000007fefb5c5000 	C:\Windows\system32\NLAapi.dll
0x000007fef4cb0000 - 0x000007fef4cc5000 	C:\Windows\system32\napinsp.dll
0x000007fef4cd0000 - 0x000007fef4ce9000 	C:\Windows\system32\pnrpnsp.dll
0x000007fef4b60000 - 0x000007fef4b6b000 	C:\Windows\System32\winrnr.dll
0x000007fef4850000 - 0x000007fef4860000 	C:\Windows\system32\wshbth.dll

dbghelp: loaded successfully - version: 4.0.5 - missing functions: none
symbol engine: initialized successfully - sym options: 0x614 - pdb path: .;D:\eclipse-20-12\plugins\org.eclipse.justj.openjdk.hotspot.jre.full.win32.x86_64_15.0.1.v20201027-0507\jre\bin;C:\Windows\SYSTEM32;C:\Windows\WinSxS\amd64_microsoft.windows.common-controls_6595b64144ccf1df_6.0.7601.17514_none_fa396087175ac9ac;D:\eclipse-20-12\plugins\org.eclipse.justj.openjdk.hotspot.jre.full.win32.x86_64_15.0.1.v20201027-0507\jre\bin\server;C:\Program Files\Common Files\Microsoft Shared\Windows Live;C:\Program Files\Bonjour

VM Arguments:
jvm_args: -XX:+ShowCodeDetailsInExceptionMessages -agentlib:jdwp=transport=dt_socket,suspend=y,address=localhost:51531 -javaagent:D:\eclipse-20-12\configuration\org.eclipse.osgi\220\0\.cp\lib\javaagent-shaded.jar -Dfile.encoding=UTF-8 
java_command: payroll.PayrollApplication
java_class_path (initial): D:\work\spring\payroll\target\classes;C:\Users\yuri\.m2\repository\org\springframework\boot\spring-boot-starter-data-jpa\2.4.1\spring-boot-starter-data-jpa-2.4.1.jar;C:\Users\yuri\.m2\repository\org\springframework\boot\spring-boot-starter-aop\2.4.1\spring-boot-starter-aop-2.4.1.jar;C:\Users\yuri\.m2\repository\org\springframework\spring-aop\5.3.2\spring-aop-5.3.2.jar;C:\Users\yuri\.m2\repository\org\aspectj\aspectjweaver\1.9.6\aspectjweaver-1.9.6.jar;C:\Users\yuri\.m2\repository\org\springframework\boot\spring-boot-starter-jdbc\2.4.1\spring-boot-starter-jdbc-2.4.1.jar;C:\Users\yuri\.m2\repository\com\zaxxer\HikariCP\3.4.5\HikariCP-3.4.5.jar;C:\Users\yuri\.m2\repository\org\springframework\spring-jdbc\5.3.2\spring-jdbc-5.3.2.jar;C:\Users\yuri\.m2\repository\jakarta\transaction\jakarta.transaction-api\1.3.3\jakarta.transaction-api-1.3.3.jar;C:\Users\yuri\.m2\repository\jakarta\persistence\jakarta.persistence-api\2.2.3\jakarta.persistence-api-2.2.3.jar;C:\Users\yuri\.m2\repository\org\hibernate\hibernate-core\5.4.25.Final\hibernate-core-5.4.25.Final.jar;C:\Users\yuri\.m2\repository\org\jboss\logging\jboss-logging\3.4.1.Final\jboss-logging-3.4.1.Final.jar;C:\Users\yuri\.m2\repository\org\javassist\javassist\3.27.0-GA\javassist-3.27.0-GA.jar;C:\Users\yuri\.m2\repository\net\bytebuddy\byte-buddy\1.10.18\byte-buddy-1.10.18.jar;C:\Users\yuri\.m2\repository\antlr\antlr\2.7.7\antlr-2.7.7.jar;C:\Users\yuri\.m2\repository\org\jboss\jandex\2.1.3.Final\jandex-2.1.3.Final.jar;C:\Users\yuri\.m2\repository\com\fasterxml\classmate\1.5.1\classmate-1.5.1.jar;C:\Users\yuri\.m2\repository\org\dom4j\dom4j\2.1.3\dom4j-2.1.3.jar;C:\Users\yuri\.m2\repository\org\hibernate\common\hibernate-commons-annotations\5.1.2.Final\hibernate-commons-annotations-5.1.2.Final.jar;C:\Users\yuri\.m2\repository\org\glassfish\jaxb\jaxb-runtime\2.3.3\jaxb-runtime-2.3.3.jar;C:\Users\yuri\.m2\repository\org\glassfish\jaxb\txw2\2.3.3\txw2-2.3.3.jar;C:\Users\yuri\.m2\repository\com\sun
Launcher Type: SUN_STANDARD

[Global flags]
     intx CICompilerCount                          = 4                                         {product} {ergonomic}
     uint ConcGCThreads                            = 2                                         {product} {ergonomic}
     uint G1ConcRefinementThreads                  = 8                                         {product} {ergonomic}
   size_t G1HeapRegionSize                         = 1048576                                   {product} {ergonomic}
    uintx GCDrainStackTargetSize                   = 64                                        {product} {ergonomic}
   size_t InitialHeapSize                          = 134217728                                 {product} {ergonomic}
   size_t MarkStackSize                            = 4194304                                   {product} {ergonomic}
   size_t MaxHeapSize                              = 2120220672                                {product} {ergonomic}
   size_t MaxNewSize                               = 1271922688                                {product} {ergonomic}
   size_t MinHeapDeltaBytes                        = 1048576                                   {product} {ergonomic}
   size_t MinHeapSize                              = 8388608                                   {product} {ergonomic}
    uintx NonNMethodCodeHeapSize                   = 5839372                                {pd product} {ergonomic}
    uintx NonProfiledCodeHeapSize                  = 122909434                              {pd product} {ergonomic}
    uintx ProfiledCodeHeapSize                     = 122909434                              {pd product} {ergonomic}
    uintx ReservedCodeCacheSize                    = 251658240                              {pd product} {ergonomic}
     bool SegmentedCodeCache                       = true                                      {product} {ergonomic}
     bool ShowCodeDetailsInExceptionMessages       = true                                   {manageable} {command line}
   size_t SoftMaxHeapSize                          = 2120220672                             {manageable} {ergonomic}
     bool UseCompressedClassPointers               = true                                 {lp64_product} {ergonomic}
     bool UseCompressedOops                        = true                                 {lp64_product} {ergonomic}
     bool UseG1GC                                  = true                                      {product} {ergonomic}
     bool UseLargePagesIndividualAllocation        = false                                  {pd product} {ergonomic}

Logging:
Log output configuration:
 #0: stdout all=warning uptime,level,tags
 #1: stderr all=off uptime,level,tags

Environment Variables:
JAVA_HOME=D:\jdk11.0.9_12
CLASSPATH=D:\pomresolver-1.0-beta\lib\pomresolver-1.0-beta.jar
PATH=D:\eclipse-20-12\plugins\org.eclipse.justj.openjdk.hotspot.jre.full.win32.x86_64_15.0.1.v20201027-0507\jre\bin;D:/eclipse-20-12//plugins/org.eclipse.justj.openjdk.hotspot.jre.full.win32.x86_64_15.0.1.v20201027-0507/jre/bin/server;D:/eclipse-20-12//plugins/org.eclipse.justj.openjdk.hotspot.jre.full.win32.x86_64_15.0.1.v20201027-0507/jre/bin;C:\Program Files (x86)\PC Connectivity Solution\;C:\Program Files\Common Files\Microsoft Shared\Windows Live;C:\Program Files (x86)\Common Files\Microsoft Shared\Windows Live;C:\Windows\system32;C:\Windows;C:\Windows\System32\Wbem;C:\Windows\System32\WindowsPowerShell\v1.0\;C:\Program Files (x86)\Windows Live\Shared;C:\instantclient_10_2;C:\Program Files\SlikSvn\bin;D:\pomresolver-1.0-beta;D:\jdk1.8.0_45\bin;D:\apache-ant-1.10.7\bin;C:\Program Files (x86)\msxsl\;C:\Program Files\TortoiseSVN\bin;C:\Program Files (x86)\PUTTY;C:\unixutils;C:\util;C:\Program Files (x86)\Brackets\command;C:\Program Files\Calibre2\;C:\Program Files\nodejs\;C:\Program Files (x86)\Google\Chrome\Application;C:\Program Files (x86)\PC Connectivity Solution\;C:\Program Files\Common Files\Microsoft Shared\Windows Live;C:\Program Files (x86)\Common Files\Microsoft Shared\Windows Live;C:\Windows\system32;C:\Windows;C:\Windows\System32\Wbem;C:\Windows\System32\WindowsPowerShell\v1.0\;C:\Program Files (x86)\Windows Live\Shared;C:\instantclient_10_2;C:\Program Files\SlikSvn\bin;D:\pomresolver-1.0-beta;D:\apache-ant-1.8.4\bin;C:\Program Files (x86)\msxsl\;C:\Program Files\TortoiseSVN\bin;C:\Program Files (x86)\PUTTY;C:\unixutils;C:\util;C:\Users\yuri\AppData\Local\Apps\cURL\bin;C:\Users\yuri\AppData\Roaming\npm;C:\Users\yuri\AppData\Local\Programs\Git\cmd;D:\eclipse-20-12;
USERNAME=yuri
LD_LIBRARY_PATH=C:\instantclient_10_2
OS=Windows_NT
PROCESSOR_IDENTIFIER=Intel64 Family 6 Model 58 Stepping 9, GenuineIntel



---------------  S Y S T E M  ---------------

OS:
 Windows 7 , 64 bit Build 7601 (6.1.7601.18409)
OS uptime: 0 days 6:57 hours

CPU: total 8 (initial active 8) (4 cores per cpu, 2 threads per core) family 6 model 58 stepping 9 microcode 0x0, cmov, cx8, fxsr, mmx, sse, sse2, sse3, ssse3, sse4.1, sse4.2, popcnt, vzeroupper, avx, aes, clmul, erms, ht, tsc, tscinvbit, tscinv, clflush

Memory: 4k page, system-wide physical 8087M (2022M free)
TotalPageFile size 16173M (AvailPageFile size 9202M)
current process WorkingSet (physical memory assigned to process): 229M, peak: 229M
current process commit charge ("private bytes"): 272M, peak: 272M

vm_info: OpenJDK 64-Bit Server VM (15.0.1+9-18) for windows-amd64 JRE (15.0.1+9-18), built on Sep 15 2020 14:39:31 by "mach5one" with unknown MS VC++:1925

END.
